<?xml version="1.0" encoding="UTF-8"?>
<!-- Generated by org.testng.reporters.JUnitReportReporter -->
<testsuite hostname="DESKTOP-MA2IA2U" failures="0" tests="1" name="OKe.NewTest" time="0.018" errors="0" timestamp="2023-11-18T13:45:23 ICT" skipped="0">
  <testcase classname="OKe.NewTest" name="f" time="0.018"/>
</testsuite> <!-- OKe.NewTest -->
